{"/home/blessingakanimohjames/polling app/app.js": {"path":"/home/blessingakanimohjames/polling app/app.js","statementMap":{"0":{"start":{"line":5,"column":12},"end":{"line":5,"column":21}},"1":{"start":{"line":6,"column":0},"end":{"line":6,"column":24}},"2":{"start":{"line":9,"column":0},"end":{"line":9,"column":31}}},"fnMap":{},"branchMap":{},"s":{"0":1,"1":1,"2":1},"f":{},"b":{},"_coverageSchema":"1a1c01bbd47fc00a2c39e90264f33305004495a9","hash":"a6cde1b70d4541beaa14a09e65eb9d82d271da93"}
,"/home/blessingakanimohjames/polling app/src/controllers/pollController.js": {"path":"/home/blessingakanimohjames/polling app/src/controllers/pollController.js","statementMap":{"0":{"start":{"line":3,"column":36},"end":{"line":11,"column":1}},"1":{"start":{"line":4,"column":32},"end":{"line":4,"column":40}},"2":{"start":{"line":5,"column":2},"end":{"line":7,"column":3}},"3":{"start":{"line":6,"column":4},"end":{"line":6,"column":59}},"4":{"start":{"line":9,"column":15},"end":{"line":9,"column":44}},"5":{"start":{"line":10,"column":2},"end":{"line":10,"column":29}},"6":{"start":{"line":13,"column":34},"end":{"line":26,"column":1}},"7":{"start":{"line":14,"column":17},"end":{"line":14,"column":27}},"8":{"start":{"line":15,"column":21},"end":{"line":15,"column":29}},"9":{"start":{"line":17,"column":15},"end":{"line":17,"column":40}},"10":{"start":{"line":18,"column":2},"end":{"line":18,"column":70}},"11":{"start":{"line":18,"column":13},"end":{"line":18,"column":70}},"12":{"start":{"line":20,"column":2},"end":{"line":25,"column":3}},"13":{"start":{"line":21,"column":20},"end":{"line":21,"column":42}},"14":{"start":{"line":22,"column":4},"end":{"line":22,"column":58}},"15":{"start":{"line":24,"column":4},"end":{"line":24,"column":49}},"16":{"start":{"line":28,"column":34},"end":{"line":30,"column":1}},"17":{"start":{"line":29,"column":2},"end":{"line":29,"column":26}}},"fnMap":{"0":{"name":"(anonymous_0)","decl":{"start":{"line":3,"column":36},"end":{"line":3,"column":37}},"loc":{"start":{"line":3,"column":50},"end":{"line":11,"column":1}},"line":3},"1":{"name":"(anonymous_1)","decl":{"start":{"line":13,"column":34},"end":{"line":13,"column":35}},"loc":{"start":{"line":13,"column":48},"end":{"line":26,"column":1}},"line":13},"2":{"name":"(anonymous_2)","decl":{"start":{"line":28,"column":34},"end":{"line":28,"column":35}},"loc":{"start":{"line":28,"column":48},"end":{"line":30,"column":1}},"line":28}},"branchMap":{"0":{"loc":{"start":{"line":5,"column":2},"end":{"line":7,"column":3}},"type":"if","locations":[{"start":{"line":5,"column":2},"end":{"line":7,"column":3}},{"start":{},"end":{}}],"line":5},"1":{"loc":{"start":{"line":5,"column":6},"end":{"line":5,"column":27}},"type":"binary-expr","locations":[{"start":{"line":5,"column":6},"end":{"line":5,"column":15}},{"start":{"line":5,"column":19},"end":{"line":5,"column":27}}],"line":5},"2":{"loc":{"start":{"line":18,"column":2},"end":{"line":18,"column":70}},"type":"if","locations":[{"start":{"line":18,"column":2},"end":{"line":18,"column":70}},{"start":{},"end":{}}],"line":18}},"s":{"0":1,"1":2,"2":2,"3":0,"4":2,"5":2,"6":1,"7":2,"8":2,"9":2,"10":2,"11":0,"12":2,"13":2,"14":2,"15":0,"16":1,"17":1},"f":{"0":2,"1":2,"2":1},"b":{"0":[0,2],"1":[2,2],"2":[0,2]},"_coverageSchema":"1a1c01bbd47fc00a2c39e90264f33305004495a9","hash":"17a9a6d748fa879f79a51c31474770c7f090bef8"}
,"/home/blessingakanimohjames/polling app/src/models/pollModel.js": {"path":"/home/blessingakanimohjames/polling app/src/models/pollModel.js","statementMap":{"0":{"start":{"line":2,"column":12},"end":{"line":4,"column":1}},"1":{"start":{"line":6,"column":27},"end":{"line":6,"column":63}},"2":{"start":{"line":6,"column":35},"end":{"line":6,"column":63}},"3":{"start":{"line":6,"column":51},"end":{"line":6,"column":62}},"4":{"start":{"line":8,"column":26},"end":{"line":17,"column":1}},"5":{"start":{"line":10,"column":27},"end":{"line":12,"column":13}},"6":{"start":{"line":11,"column":36},"end":{"line":11,"column":56}},"7":{"start":{"line":14,"column":18},"end":{"line":14,"column":79}},"8":{"start":{"line":15,"column":2},"end":{"line":15,"column":22}},"9":{"start":{"line":16,"column":2},"end":{"line":16,"column":17}},"10":{"start":{"line":19,"column":24},"end":{"line":25,"column":1}},"11":{"start":{"line":20,"column":2},"end":{"line":22,"column":3}},"12":{"start":{"line":21,"column":4},"end":{"line":21,"column":38}},"13":{"start":{"line":23,"column":2},"end":{"line":23,"column":28}},"14":{"start":{"line":24,"column":2},"end":{"line":24,"column":14}},"15":{"start":{"line":27,"column":27},"end":{"line":27,"column":38}},"16":{"start":{"line":27,"column":33},"end":{"line":27,"column":38}}},"fnMap":{"0":{"name":"(anonymous_0)","decl":{"start":{"line":6,"column":27},"end":{"line":6,"column":28}},"loc":{"start":{"line":6,"column":35},"end":{"line":6,"column":63}},"line":6},"1":{"name":"(anonymous_1)","decl":{"start":{"line":6,"column":46},"end":{"line":6,"column":47}},"loc":{"start":{"line":6,"column":51},"end":{"line":6,"column":62}},"line":6},"2":{"name":"(anonymous_2)","decl":{"start":{"line":8,"column":26},"end":{"line":8,"column":27}},"loc":{"start":{"line":8,"column":49},"end":{"line":17,"column":1}},"line":8},"3":{"name":"(anonymous_3)","decl":{"start":{"line":11,"column":21},"end":{"line":11,"column":22}},"loc":{"start":{"line":11,"column":36},"end":{"line":11,"column":56}},"line":11},"4":{"name":"(anonymous_4)","decl":{"start":{"line":19,"column":24},"end":{"line":19,"column":25}},"loc":{"start":{"line":19,"column":42},"end":{"line":25,"column":1}},"line":19},"5":{"name":"(anonymous_5)","decl":{"start":{"line":27,"column":27},"end":{"line":27,"column":28}},"loc":{"start":{"line":27,"column":33},"end":{"line":27,"column":38}},"line":27}},"branchMap":{"0":{"loc":{"start":{"line":10,"column":27},"end":{"line":12,"column":13}},"type":"cond-expr","locations":[{"start":{"line":11,"column":6},"end":{"line":11,"column":62}},{"start":{"line":12,"column":6},"end":{"line":12,"column":13}}],"line":10},"1":{"loc":{"start":{"line":20,"column":2},"end":{"line":22,"column":3}},"type":"if","locations":[{"start":{"line":20,"column":2},"end":{"line":22,"column":3}},{"start":{},"end":{}}],"line":20}},"s":{"0":2,"1":2,"2":2,"3":5,"4":2,"5":2,"6":2,"7":2,"8":2,"9":2,"10":2,"11":4,"12":1,"13":3,"14":3,"15":2,"16":1},"f":{"0":2,"1":5,"2":2,"3":2,"4":4,"5":1},"b":{"0":[1,1],"1":[1,3]},"_coverageSchema":"1a1c01bbd47fc00a2c39e90264f33305004495a9","hash":"abe1114addb4ec5cfa21ed59584df4028b5e298d"}
,"/home/blessingakanimohjames/polling app/src/routes/pollsRoutes.js": {"path":"/home/blessingakanimohjames/polling app/src/routes/pollsRoutes.js","statementMap":{"0":{"start":{"line":4,"column":15},"end":{"line":4,"column":31}},"1":{"start":{"line":6,"column":0},"end":{"line":6,"column":36}},"2":{"start":{"line":7,"column":0},"end":{"line":7,"column":39}},"3":{"start":{"line":8,"column":0},"end":{"line":8,"column":45}},"4":{"start":{"line":11,"column":0},"end":{"line":15,"column":3}},"5":{"start":{"line":12,"column":2},"end":{"line":14,"column":5}},"6":{"start":{"line":13,"column":4},"end":{"line":13,"column":28}}},"fnMap":{"0":{"name":"(anonymous_0)","decl":{"start":{"line":11,"column":25},"end":{"line":11,"column":26}},"loc":{"start":{"line":11,"column":31},"end":{"line":15,"column":1}},"line":11},"1":{"name":"(anonymous_1)","decl":{"start":{"line":12,"column":33},"end":{"line":12,"column":34}},"loc":{"start":{"line":12,"column":39},"end":{"line":14,"column":3}},"line":12}},"branchMap":{},"s":{"0":1,"1":1,"2":1,"3":1,"4":1,"5":1,"6":1},"f":{"0":1,"1":1},"b":{},"_coverageSchema":"1a1c01bbd47fc00a2c39e90264f33305004495a9","hash":"f0092b5a2f6897b005d884280946693c289df700"}
}
