TN:
SF:app.js
FNF:0
FNH:0
DA:5,1
DA:6,1
DA:9,1
LF:3
LH:3
BRF:0
BRH:0
end_of_record
TN:
SF:src/controllers/pollController.js
FN:3,(anonymous_0)
FN:13,(anonymous_1)
FN:28,(anonymous_2)
FNF:3
FNH:3
FNDA:2,(anonymous_0)
FNDA:2,(anonymous_1)
FNDA:1,(anonymous_2)
DA:3,1
DA:4,2
DA:5,2
DA:6,0
DA:9,2
DA:10,2
DA:13,1
DA:14,2
DA:15,2
DA:17,2
DA:18,2
DA:20,2
DA:21,2
DA:22,2
DA:24,0
DA:28,1
DA:29,1
LF:17
LH:15
BRDA:5,0,0,0
BRDA:5,0,1,2
BRDA:5,1,0,2
BRDA:5,1,1,2
BRDA:18,2,0,0
BRDA:18,2,1,2
BRF:6
BRH:4
end_of_record
TN:
SF:src/models/pollModel.js
FN:6,(anonymous_0)
FN:6,(anonymous_1)
FN:8,(anonymous_2)
FN:11,(anonymous_3)
FN:19,(anonymous_4)
FN:27,(anonymous_5)
FNF:6
FNH:6
FNDA:2,(anonymous_0)
FNDA:5,(anonymous_1)
FNDA:2,(anonymous_2)
FNDA:2,(anonymous_3)
FNDA:4,(anonymous_4)
FNDA:1,(anonymous_5)
DA:2,2
DA:6,5
DA:8,2
DA:10,2
DA:11,2
DA:14,2
DA:15,2
DA:16,2
DA:19,2
DA:20,4
DA:21,1
DA:23,3
DA:24,3
DA:27,2
LF:14
LH:14
BRDA:10,0,0,1
BRDA:10,0,1,1
BRDA:20,1,0,1
BRDA:20,1,1,3
BRF:4
BRH:4
end_of_record
TN:
SF:src/routes/pollsRoutes.js
FN:11,(anonymous_0)
FN:12,(anonymous_1)
FNF:2
FNH:2
FNDA:1,(anonymous_0)
FNDA:1,(anonymous_1)
DA:4,1
DA:6,1
DA:7,1
DA:8,1
DA:11,1
DA:12,1
DA:13,1
LF:7
LH:7
BRF:0
BRH:0
end_of_record
